This file contains any messages produced by compilers while
running configure, to aid debugging if configure makes a mistake.

It was created by FecSoftwareV3_0 configure development, which was
generated by GNU Autoconf 2.59.  Invocation command line was

  $ ./configure --prefix=/usr/local --cache-file=/dev/null --srcdir=.

## --------- ##
## Platform. ##
## --------- ##

hostname = vmepc-s2b17-16-01
uname -m = x86_64
uname -r = 2.6.32-279.5.2.el6.x86_64
uname -s = Linux
uname -v = #1 SMP Fri Aug 24 10:06:28 CEST 2012

/usr/bin/uname -p = unknown
/bin/uname -X     = unknown

/bin/arch              = x86_64
/usr/bin/arch -k       = unknown
/usr/convex/getsysinfo = unknown
hostinfo               = unknown
/bin/machine           = unknown
/usr/bin/oslevel       = unknown
/bin/universe          = unknown

PATH: /trackerraid/raid/cmssw/Development/O2O/64Bit-Migration/CMSSW_7_2_1_patch4/bin/slc6_amd64_gcc481
PATH: /trackerraid/raid/cmssw/Development/O2O/64Bit-Migration/CMSSW_7_2_1_patch4/external/slc6_amd64_gcc481/bin
PATH: /opt/offline/slc6_amd64_gcc481/cms/cmssw-patch/CMSSW_7_2_1_patch4/bin/slc6_amd64_gcc481
PATH: /opt/offline/slc6_amd64_gcc481/cms/cmssw-patch/CMSSW_7_2_1_patch4/external/slc6_amd64_gcc481/bin
PATH: /opt/offline/slc6_amd64_gcc481/cms/cmssw/CMSSW_7_2_1/bin/slc6_amd64_gcc481
PATH: /opt/offline/slc6_amd64_gcc481/external/llvm/3.5/bin
PATH: /opt/offline/slc6_amd64_gcc481/external/gcc/4.8.1/bin
PATH: /nfshome0/trackerpro/bin
PATH: /raid/cmssw/scripts
PATH: /opt/offline/common
PATH: /opt/offline/bin
PATH: /usr/lib/jvm/java//bin
PATH: /usr/local/bin
PATH: /bin
PATH: /usr/bin
PATH: /usr/local/sbin
PATH: /usr/sbin
PATH: /sbin
PATH: /opt/dell/srvadmin/bin
PATH: /opt/trackerDAQ/bin
PATH: /nfshome0/trackerpro/tkclusterTools/
PATH: /opt/root/bin
PATH: /usr/java/jdk1.5.0_09/jre/javaws/
PATH: /usr/java/jdk1.5.0_09/bin/
PATH: /raid/gwt-linux-1.5.2/


## ----------- ##
## Core tests. ##
## ----------- ##

configure:1963: creating ./config.status

## ---------------------- ##
## Running config.status. ##
## ---------------------- ##

This file was extended by FecSoftwareV3_0 config.status development, which was
generated by GNU Autoconf 2.59.  Invocation command line was

  CONFIG_FILES    = 
  CONFIG_HEADERS  = 
  CONFIG_LINKS    = 
  CONFIG_COMMANDS = 
  $ ./config.status 

on vmepc-s2b17-16-01

config.status:659: creating FecHeader.linux
config.status:659: creating Makefile

## ---------------- ##
## Cache variables. ##
## ---------------- ##

ac_cv_env_build_alias_set=
ac_cv_env_build_alias_value=
ac_cv_env_host_alias_set=
ac_cv_env_host_alias_value=
ac_cv_env_target_alias_set=
ac_cv_env_target_alias_value=

## ----------------- ##
## Output variables. ##
## ----------------- ##

DEFS='-DPACKAGE_NAME=\"FecSoftwareV3_0\" -DPACKAGE_TARNAME=\"fecsoftwarev3_0\" -DPACKAGE_VERSION=\"development\" -DPACKAGE_STRING=\"FecSoftwareV3_0\ development\" -DPACKAGE_BUGREPORT=\"fdrouhin@cern.ch\" '
ECHO_C=''
ECHO_N='-n'
ECHO_T=''
LIBOBJS=''
LIBS=''
LTLIBOBJS=''
PACKAGE_BUGREPORT='fdrouhin@cern.ch'
PACKAGE_NAME='FecSoftwareV3_0'
PACKAGE_STRING='FecSoftwareV3_0 development'
PACKAGE_TARNAME='fecsoftwarev3_0'
PACKAGE_VERSION='development'
PATH_SEPARATOR=':'
SHELL='/bin/sh'
bindir='${exec_prefix}/bin'
build_alias=''
caen_root='/opt/xdaq'
datadir='${prefix}/share'
diag_envvar='ENV_CMS_TK_DIAG_ROOT='
diag_root='/raid/development/trackerDAQ-4.0-tkonline/DiagSystem'
exec_prefix='${prefix}'
fec_root='/raid/development/trackerDAQ-4.0-tkonline/FecSoftwareV3_0'
fecpci_clean='FecDeviceDriver_clean'
fecpci_targets=''
fecpci_tkclean='FecDeviceDriver_clean'
fecpci_tktargets=''
fecusb_clean='FecLibFtdi_clean FecUsbDriver_clean'
fecusb_targets=''
fed9u_envvar='ENV_CMS_TK_FED9U_ROOT='
fed9u_root='/raid/development/trackerDAQ-4.0-tkonline/TrackerOnline/Fed9U/Fed9USoftware'
hal_root='/opt/xdaq'
hardware_root='/raid/development/trackerDAQ-4.0-tkonline/TrackerOnline//2005/hardware'
host_alias=''
icutils_envvar='ENV_CMS_TK_ICUTILS='
icutils_root='/raid/development/trackerDAQ-4.0-tkonline/TrackerOnline//2005/TrackerCommon/ICUtils'
includedir='${prefix}/include'
infodir='${prefix}/info'
libdir='${exec_prefix}/lib'
libexecdir='${exec_prefix}/libexec'
localstatedir='${prefix}/var'
mandir='${prefix}/man'
oldincludedir='/usr/include'
oracle_envvar='ENV_CMS_TK_ORACLE_HOME='
oracle_root='/opt/xdaq'
pcifec_enabled='no'
prefix='/usr/local'
program_transform_name='s,x,x,'
sbindir='${exec_prefix}/sbin'
sbs_enabled='0'
sbs_root=''
sharedstatedir='${prefix}/com'
sysconfdir='${prefix}/etc'
target_alias=''
tk_base='/raid/development/trackerDAQ-4.0-tkonline/FecSoftwareV3_0/..'
tk_common='/raid/development/trackerDAQ-4.0-tkonline/TrackerOnline//2005/TrackerCommon'
tk_xdaq='/raid/development/trackerDAQ-4.0-tkonline/TrackerOnline//2005/TrackerXdaq'
tkcommon_envvar='ENV_CMS_TK_COMMON='
tkxdaq_envvar='ENV_CMS_TK_XDAQ='
trk_online='/raid/development/trackerDAQ-4.0-tkonline/TrackerOnline/'
usbfec_enabled='no'
xdaq_base='.'
xdaq_os='linux'
xdaq_platform='x86_64_slc6'
xdaq_root='.'
xdaq_rpmbuild='yes'
xerces_root='/opt/xdaq'

## ----------- ##
## confdefs.h. ##
## ----------- ##

#define PACKAGE_BUGREPORT "fdrouhin@cern.ch"
#define PACKAGE_NAME "FecSoftwareV3_0"
#define PACKAGE_STRING "FecSoftwareV3_0 development"
#define PACKAGE_TARNAME "fecsoftwarev3_0"
#define PACKAGE_VERSION "development"

configure: exit 0
